

===   [ 收集测试用例 ]  === 


== cases\demo1.py 

列出班级


-------- HTTP response * begin -------
200
Server: nginx/1.17.0
Date: Fri, 23 May 2025 17:25:12 GMT
Content-Type: application/json
Transfer-Encoding: chunked
Connection: keep-alive
Vary: Accept-Language
X-Frame-Options: SAMEORIGIN
Content-Language: zh-cn
Access-Control-Allow-Origin: *

{
  "gradeid": null,
  "retlist": [],
  "retcode": 0
}
-------- HTTP response * end -------


列出老师


-------- HTTP response * begin -------
200
Server: nginx/1.17.0
Date: Fri, 23 May 2025 17:25:12 GMT
Content-Type: application/json
Transfer-Encoding: chunked
Connection: keep-alive
Vary: Accept-Language
X-Frame-Options: SAMEORIGIN
Content-Language: zh-cn
Access-Control-Allow-Origin: *

{
  "retlist": [],
  "retcode": 0
}
-------- HTTP response * end -------


列出学生


-------- HTTP response * begin -------
200
Server: nginx/1.17.0
Date: Fri, 23 May 2025 17:25:12 GMT
Content-Type: application/json
Transfer-Encoding: chunked
Connection: keep-alive
Vary: Accept-Language
X-Frame-Options: SAMEORIGIN
Content-Language: zh-cn
Access-Control-Allow-Origin: *

{
  "retlist": [],
  "retcode": 0
}
-------- HTTP response * end -------



** no cases in this file, skip it.

== cases\空白环境\空白.py 


** no cases in this file , skip it.

== cases\空白环境\一个班级\__st__.py 


== cases\空白环境\一个班级\一个班级.py 


** no cases in this file , skip it.

== cases\空白环境\一个班级\一班级一老师\__st__.py 


== cases\空白环境\一个班级\一班级一老师\一班级一老师.py 


== cases\空白环境\一个班级\一班级一老师\一班级一老师一学生\__st__.py 


== cases\空白环境\一个班级\一班级一老师\一班级一老师一学生\一班级一老师一学生.py 


** no cases in this file , skip it.


===   [ 执行测试用例 ]  === 

预备执行用例数量 : 1



  ========= 测试开始 : 20250524_012512 =========



>>> cases\空白环境\一个班级\

[ suite setup ] cases\空白环境\一个班级\
添加班级


-------- HTTP response * begin -------
200
Server: nginx/1.17.0
Date: Fri, 23 May 2025 17:25:12 GMT
Content-Type: application/json
Transfer-Encoding: chunked
Connection: keep-alive
Vary: Accept-Language
X-Frame-Options: SAMEORIGIN
Content-Language: zh-cn
Access-Control-Allow-Origin: *

{
  "invitecode": "202550364925",
  "retcode": 0,
  "id": 20255
}
-------- HTTP response * end -------




>>> cases\空白环境\一个班级\一班级一老师\

[ suite setup ] cases\空白环境\一个班级\一班级一老师\
列出班级


-------- HTTP response * begin -------
200
Server: nginx/1.17.0
Date: Fri, 23 May 2025 17:25:13 GMT
Content-Type: application/json
Transfer-Encoding: chunked
Connection: keep-alive
Vary: Accept-Language
X-Frame-Options: SAMEORIGIN
Content-Language: zh-cn
Access-Control-Allow-Origin: *

{
  "gradeid": null,
  "retlist": [
    {
      "name": "实验一班",
      "grade__name": "七年级",
      "invitecode": "202550364925",
      "studentlimit": 80,
      "studentnumber": 0,
      "id": 20255,
      "teacherlist": []
    }
  ],
  "retcode": 0
}
-------- HTTP response * end -------


添加老师


-------- HTTP response * begin -------
200
Server: nginx/1.17.0
Date: Fri, 23 May 2025 17:25:13 GMT
Content-Type: application/json
Transfer-Encoding: chunked
Connection: keep-alive
Vary: Accept-Language
X-Frame-Options: SAMEORIGIN
Content-Language: zh-cn
Access-Control-Allow-Origin: *

{
  "retcode": 0,
  "id": 5218
}
-------- HTTP response * end -------




>>> cases\空白环境\一个班级\一班级一老师\一班级一老师.py

* 修改老师2-API-tc001052  -  2025-05-24 01:25:12

[ case setup ] 修改老师2-API-tc001052
添加班级


-------- HTTP response * begin -------
200
Server: nginx/1.17.0
Date: Fri, 23 May 2025 17:25:13 GMT
Content-Type: application/json
Transfer-Encoding: chunked
Connection: keep-alive
Vary: Accept-Language
X-Frame-Options: SAMEORIGIN
Content-Language: zh-cn
Access-Control-Allow-Origin: *

{
  "invitecode": "202566580535",
  "retcode": 0,
  "id": 20256
}
-------- HTTP response * end -------



  [ case execution steps ]

-- 第 1 步 -- 修改老师 

列出老师


-------- HTTP response * begin -------
200
Server: nginx/1.17.0
Date: Fri, 23 May 2025 17:25:13 GMT
Content-Type: application/json
Transfer-Encoding: chunked
Connection: keep-alive
Vary: Accept-Language
X-Frame-Options: SAMEORIGIN
Content-Language: zh-cn
Access-Control-Allow-Origin: *

{
  "retlist": [
    {
      "username": "zhangming",
      "teachclasslist": [
        20255
      ],
      "realname": "张明",
      "id": 5218,
      "phonenumber": "13451813456",
      "email": "zhangming@163.com",
      "idcardnumber": "3209251983090987799"
    }
  ],
  "retcode": 0
}
-------- HTTP response * end -------


修改老师


-------- HTTP response * begin -------
500
Server: nginx/1.17.0
Date: Fri, 23 May 2025 17:25:13 GMT
Content-Type: text/html
Transfer-Encoding: chunked
Connection: keep-alive
Vary: Accept-Language
X-Frame-Options: SAMEORIGIN
Content-Language: zh-cn

消息体不是json格式！！！
-------- HTTP response * end -------


  ABORT   Expecting value: line 1 column 1 (char 0) 
Traceback:
           ^^^^^^^^^^^^^^^^^^^^^^^^^^^^^^^^^^^^^^
  File "C:\Users\Administrator\AppData\Local\Programs\Python\Python312\Lib\json\__init__.py", line 346, in loads
    return _default_decoder.decode(s)
           ^^^^^^^^^^^^^^^^^^^^^^^^^^
  File "C:\Users\Administrator\AppData\Local\Programs\Python\Python312\Lib\json\decoder.py", line 337, in decode
    obj, end = self.raw_decode(s, idx=_w(s, 0).end())
               ^^^^^^^^^^^^^^^^^^^^^^^^^^^^^^^^^^^^^^
  File "C:\Users\Administrator\AppData\Local\Programs\Python\Python312\Lib\json\decoder.py", line 355, in raw_decode
    raise JSONDecodeError("Expecting value", s, err.value) from None
json.decoder.JSONDecodeError: Expecting value: line 1 column 1 (char 0)

During handling of the above exception, another exception occurred:

Traceback (most recent call last):
  File "C:\Users\Administrator\AppData\Local\Programs\Python\Python312\Lib\site-packages\hytest\utils\runner.py", line 615, in _exec_cases
    case.teststeps()
  File "D:\tools\projects\autotest_yjyx\cases\空白环境\一个班级\一班级一老师\一班级一老师.py", line 126, in teststeps
    modifyRet = r.json()
                ^^^^^^^^
  File "C:\Users\Administrator\AppData\Local\Programs\Python\Python312\Lib\site-packages\requests\models.py", line 978, in json
    raise RequestsJSONDecodeError(e.msg, e.doc, e.pos)
requests.exceptions.JSONDecodeError: Expecting value: line 1 column 1 (char 0)


[ case teardown ] 修改老师2-API-tc001052
删除班级


-------- HTTP response * begin -------
200
Server: nginx/1.17.0
Date: Fri, 23 May 2025 17:25:13 GMT
Content-Type: application/json
Transfer-Encoding: chunked
Connection: keep-alive
Vary: Accept-Language
X-Frame-Options: SAMEORIGIN
Content-Language: zh-cn
Access-Control-Allow-Origin: *

{
  "retcode": 0
}
-------- HTTP response * end -------



[ suite teardown ] cases\空白环境\一个班级\一班级一老师\
删除所有老师
列出老师


-------- HTTP response * begin -------
200
Server: nginx/1.17.0
Date: Fri, 23 May 2025 17:25:13 GMT
Content-Type: application/json
Transfer-Encoding: chunked
Connection: keep-alive
Vary: Accept-Language
X-Frame-Options: SAMEORIGIN
Content-Language: zh-cn
Access-Control-Allow-Origin: *

{
  "retlist": [
    {
      "username": "zhangming",
      "teachclasslist": [
        20255
      ],
      "realname": "张明",
      "id": 5218,
      "phonenumber": "13451813456",
      "email": "zhangming@163.com",
      "idcardnumber": "3209251983090987799"
    }
  ],
  "retcode": 0
}
-------- HTTP response * end -------




-------- HTTP response * begin -------
200
Server: nginx/1.17.0
Date: Fri, 23 May 2025 17:25:13 GMT
Content-Type: application/json
Transfer-Encoding: chunked
Connection: keep-alive
Vary: Accept-Language
X-Frame-Options: SAMEORIGIN
Content-Language: zh-cn
Access-Control-Allow-Origin: *

{
  "retcode": 0
}
-------- HTTP response * end -------



[ suite teardown ] cases\空白环境\一个班级\
列出班级


-------- HTTP response * begin -------
200
Server: nginx/1.17.0
Date: Fri, 23 May 2025 17:25:13 GMT
Content-Type: application/json
Transfer-Encoding: chunked
Connection: keep-alive
Vary: Accept-Language
X-Frame-Options: SAMEORIGIN
Content-Language: zh-cn
Access-Control-Allow-Origin: *

{
  "gradeid": null,
  "retlist": [
    {
      "name": "实验一班",
      "grade__name": "七年级",
      "invitecode": "202550364925",
      "studentlimit": 80,
      "studentnumber": 0,
      "id": 20255,
      "teacherlist": []
    }
  ],
  "retcode": 0
}
-------- HTTP response * end -------


删除班级


-------- HTTP response * begin -------
200
Server: nginx/1.17.0
Date: Fri, 23 May 2025 17:25:13 GMT
Content-Type: application/json
Transfer-Encoding: chunked
Connection: keep-alive
Vary: Accept-Language
X-Frame-Options: SAMEORIGIN
Content-Language: zh-cn
Access-Control-Allow-Origin: *

{
  "retcode": 0
}
-------- HTTP response * end -------




  ========= 测试结束 : 20250524_012513 =========


  耗时    : 0.538 秒


  预备执行用例数量 : 1

  实际执行用例数量 : 1

  通过 : 0

  失败 : 0

  异常 : 1

  套件初始化失败 : 0

  套件清除  失败 : 0

  用例初始化失败 : 0

  用例清除  失败 : 0
